14:12:50.903 [main] INFO  c.a.n.c.e.SearchableProperties - [sortPropertySourceDefaultOrder,197] - properties search order:PROPERTIES->JVM->ENV->DEFAULT_SETTING
14:12:50.930 [background-preinit] INFO  o.h.v.i.util.Version - [<clinit>,21] - HV000001: Hibernate Validator 6.2.5.Final
14:12:51.367 [main] INFO  c.a.n.p.a.s.c.ClientAuthPluginManager - [init,56] - [ClientAuthPluginManager] Load ClientAuthService com.alibaba.nacos.client.auth.impl.NacosClientAuthServiceImpl success.
14:12:51.367 [main] INFO  c.a.n.p.a.s.c.ClientAuthPluginManager - [init,56] - [ClientAuthPluginManager] Load ClientAuthService com.alibaba.nacos.client.auth.ram.RamClientAuthServiceImpl success.
14:12:52.265 [main] INFO  c.r.a.RuoYiAuthApplication - [logStartupProfileInfo,638] - The following 1 profile is active: "dev"
14:12:53.130 [main] INFO  o.a.c.h.Http11NioProtocol - [log,173] - Initializing ProtocolHandler ["http-nio-9200"]
14:12:53.131 [main] INFO  o.a.c.c.StandardService - [log,173] - Starting service [Tomcat]
14:12:53.131 [main] INFO  o.a.c.c.StandardEngine - [log,173] - Starting Servlet engine: [Apache Tomcat/9.0.102]
14:12:53.259 [main] INFO  o.a.c.c.C.[.[.[/] - [log,173] - Initializing Spring embedded WebApplicationContext
14:12:53.841 [main] INFO  c.a.c.s.SentinelWebMvcConfigurer - [addInterceptors,52] - [Sentinel Starter] register SentinelWebInterceptor with urlPatterns: [/**].
14:12:54.681 [main] INFO  o.a.c.h.Http11NioProtocol - [log,173] - Starting ProtocolHandler ["http-nio-9200"]
14:12:54.693 [main] INFO  c.a.n.p.a.s.c.ClientAuthPluginManager - [init,56] - [ClientAuthPluginManager] Load ClientAuthService com.alibaba.nacos.client.auth.impl.NacosClientAuthServiceImpl success.
14:12:54.694 [main] INFO  c.a.n.p.a.s.c.ClientAuthPluginManager - [init,56] - [ClientAuthPluginManager] Load ClientAuthService com.alibaba.nacos.client.auth.ram.RamClientAuthServiceImpl success.
14:12:54.844 [main] INFO  c.a.c.n.r.NacosServiceRegistry - [register,76] - nacos registry, DEFAULT_GROUP ruoyi-auth 192.168.31.113:9200 register finished
14:12:54.989 [main] INFO  c.r.a.RuoYiAuthApplication - [logStarted,61] - Started RuoYiAuthApplication in 4.43 seconds (JVM running for 5.44)
14:12:54.998 [main] INFO  c.a.c.n.r.NacosContextRefresher - [registerNacosListener,141] - [Nacos Config] Listening config: dataId=ruoyi-auth.yml, group=DEFAULT_GROUP
14:12:54.999 [main] INFO  c.a.c.n.r.NacosContextRefresher - [registerNacosListener,141] - [Nacos Config] Listening config: dataId=ruoyi-auth-dev.yml, group=DEFAULT_GROUP
14:12:55.000 [main] INFO  c.a.c.n.r.NacosContextRefresher - [registerNacosListener,141] - [Nacos Config] Listening config: dataId=ruoyi-auth, group=DEFAULT_GROUP
14:13:20.371 [http-nio-9200-exec-1] INFO  o.a.c.c.C.[.[.[/] - [log,173] - Initializing Spring DispatcherServlet 'dispatcherServlet'
19:11:52.524 [SpringApplicationShutdownHook] INFO  c.a.c.n.r.NacosServiceRegistry - [deregister,95] - De-registering from Nacos Server now...
19:11:52.530 [SpringApplicationShutdownHook] INFO  c.a.c.n.r.NacosServiceRegistry - [deregister,115] - De-registration finished.
22:03:28.619 [main] INFO  c.a.n.c.e.SearchableProperties - [sortPropertySourceDefaultOrder,197] - properties search order:PROPERTIES->JVM->ENV->DEFAULT_SETTING
22:03:28.652 [background-preinit] INFO  o.h.v.i.util.Version - [<clinit>,21] - HV000001: Hibernate Validator 6.2.5.Final
22:03:29.113 [main] INFO  c.a.n.p.a.s.c.ClientAuthPluginManager - [init,56] - [ClientAuthPluginManager] Load ClientAuthService com.alibaba.nacos.client.auth.impl.NacosClientAuthServiceImpl success.
22:03:29.113 [main] INFO  c.a.n.p.a.s.c.ClientAuthPluginManager - [init,56] - [ClientAuthPluginManager] Load ClientAuthService com.alibaba.nacos.client.auth.ram.RamClientAuthServiceImpl success.
22:03:29.975 [main] INFO  c.r.a.RuoYiAuthApplication - [logStartupProfileInfo,638] - The following 1 profile is active: "dev"
22:03:30.878 [main] INFO  o.a.c.h.Http11NioProtocol - [log,173] - Initializing ProtocolHandler ["http-nio-9200"]
22:03:30.879 [main] INFO  o.a.c.c.StandardService - [log,173] - Starting service [Tomcat]
22:03:30.879 [main] INFO  o.a.c.c.StandardEngine - [log,173] - Starting Servlet engine: [Apache Tomcat/9.0.102]
22:03:31.014 [main] INFO  o.a.c.c.C.[.[.[/] - [log,173] - Initializing Spring embedded WebApplicationContext
22:03:31.596 [main] INFO  c.a.c.s.SentinelWebMvcConfigurer - [addInterceptors,52] - [Sentinel Starter] register SentinelWebInterceptor with urlPatterns: [/**].
22:03:32.553 [main] INFO  o.a.c.h.Http11NioProtocol - [log,173] - Starting ProtocolHandler ["http-nio-9200"]
22:03:32.566 [main] INFO  c.a.n.p.a.s.c.ClientAuthPluginManager - [init,56] - [ClientAuthPluginManager] Load ClientAuthService com.alibaba.nacos.client.auth.impl.NacosClientAuthServiceImpl success.
22:03:32.566 [main] INFO  c.a.n.p.a.s.c.ClientAuthPluginManager - [init,56] - [ClientAuthPluginManager] Load ClientAuthService com.alibaba.nacos.client.auth.ram.RamClientAuthServiceImpl success.
22:03:32.696 [main] INFO  c.a.c.n.r.NacosServiceRegistry - [register,76] - nacos registry, DEFAULT_GROUP ruoyi-auth 192.168.31.113:9200 register finished
22:03:32.858 [main] INFO  c.r.a.RuoYiAuthApplication - [logStarted,61] - Started RuoYiAuthApplication in 4.748 seconds (JVM running for 5.749)
22:03:32.867 [main] INFO  c.a.c.n.r.NacosContextRefresher - [registerNacosListener,141] - [Nacos Config] Listening config: dataId=ruoyi-auth.yml, group=DEFAULT_GROUP
22:03:32.868 [main] INFO  c.a.c.n.r.NacosContextRefresher - [registerNacosListener,141] - [Nacos Config] Listening config: dataId=ruoyi-auth-dev.yml, group=DEFAULT_GROUP
22:03:32.868 [main] INFO  c.a.c.n.r.NacosContextRefresher - [registerNacosListener,141] - [Nacos Config] Listening config: dataId=ruoyi-auth, group=DEFAULT_GROUP
22:24:04.174 [http-nio-9200-exec-1] INFO  o.a.c.c.C.[.[.[/] - [log,173] - Initializing Spring DispatcherServlet 'dispatcherServlet'
