14:29:08.076 [main] INFO  c.a.n.c.e.SearchableProperties - [sortPropertySourceDefaultOrder,197] - properties search order:PROPERTIES->JVM->ENV->DEFAULT_SETTING
14:29:08.115 [background-preinit] INFO  o.h.v.i.util.Version - [<clinit>,21] - HV000001: Hibernate Validator 6.2.5.Final
14:29:08.611 [main] INFO  c.a.n.p.a.s.c.ClientAuthPluginManager - [init,56] - [ClientAuthPluginManager] Load ClientAuthService com.alibaba.nacos.client.auth.impl.NacosClientAuthServiceImpl success.
14:29:08.611 [main] INFO  c.a.n.p.a.s.c.ClientAuthPluginManager - [init,56] - [ClientAuthPluginManager] Load ClientAuthService com.alibaba.nacos.client.auth.ram.RamClientAuthServiceImpl success.
14:29:09.586 [main] INFO  c.r.g.RuoYiGatewayApplication - [logStartupProfileInfo,638] - The following 1 profile is active: "dev"
14:29:12.015 [main] INFO  c.a.c.s.g.s.SentinelSCGAutoConfiguration - [sentinelGatewayFilter,144] - [Sentinel SpringCloudGateway] register SentinelGatewayFilter with order: -2147483648
14:29:12.813 [main] INFO  c.a.c.s.g.s.SentinelSCGAutoConfiguration - [sentinelGatewayBlockExceptionHandler,134] - [Sentinel SpringCloudGateway] register SentinelGatewayBlockExceptionHandler
14:29:13.122 [main] INFO  c.a.n.p.a.s.c.ClientAuthPluginManager - [init,56] - [ClientAuthPluginManager] Load ClientAuthService com.alibaba.nacos.client.auth.impl.NacosClientAuthServiceImpl success.
14:29:13.122 [main] INFO  c.a.n.p.a.s.c.ClientAuthPluginManager - [init,56] - [ClientAuthPluginManager] Load ClientAuthService com.alibaba.nacos.client.auth.ram.RamClientAuthServiceImpl success.
14:29:13.654 [main] INFO  c.a.n.p.a.s.c.ClientAuthPluginManager - [init,56] - [ClientAuthPluginManager] Load ClientAuthService com.alibaba.nacos.client.auth.impl.NacosClientAuthServiceImpl success.
14:29:13.654 [main] INFO  c.a.n.p.a.s.c.ClientAuthPluginManager - [init,56] - [ClientAuthPluginManager] Load ClientAuthService com.alibaba.nacos.client.auth.ram.RamClientAuthServiceImpl success.
14:29:13.777 [main] INFO  c.a.c.n.r.NacosServiceRegistry - [register,76] - nacos registry, DEFAULT_GROUP ruoyi-gateway 192.168.31.113:8080 register finished
14:29:13.877 [main] INFO  c.a.c.n.d.NacosDiscoveryHeartBeatPublisher - [start,66] - Start nacos heartBeat task scheduler.
14:29:13.903 [main] INFO  c.r.g.RuoYiGatewayApplication - [logStarted,61] - Started RuoYiGatewayApplication in 6.302 seconds (JVM running for 7.593)
14:29:13.907 [main] INFO  c.a.c.n.r.NacosContextRefresher - [registerNacosListener,141] - [Nacos Config] Listening config: dataId=ruoyi-gateway, group=DEFAULT_GROUP
14:29:13.908 [main] INFO  c.a.c.n.r.NacosContextRefresher - [registerNacosListener,141] - [Nacos Config] Listening config: dataId=ruoyi-gateway.yml, group=DEFAULT_GROUP
14:29:13.909 [main] INFO  c.a.c.n.r.NacosContextRefresher - [registerNacosListener,141] - [Nacos Config] Listening config: dataId=ruoyi-gateway-dev.yml, group=DEFAULT_GROUP
19:11:52.056 [SpringApplicationShutdownHook] INFO  c.a.c.n.r.NacosServiceRegistry - [deregister,95] - De-registering from Nacos Server now...
19:11:52.071 [SpringApplicationShutdownHook] INFO  c.a.c.n.r.NacosServiceRegistry - [deregister,115] - De-registration finished.
22:03:11.764 [main] INFO  c.a.n.c.e.SearchableProperties - [sortPropertySourceDefaultOrder,197] - properties search order:PROPERTIES->JVM->ENV->DEFAULT_SETTING
22:03:11.794 [background-preinit] INFO  o.h.v.i.util.Version - [<clinit>,21] - HV000001: Hibernate Validator 6.2.5.Final
22:03:12.234 [main] INFO  c.a.n.p.a.s.c.ClientAuthPluginManager - [init,56] - [ClientAuthPluginManager] Load ClientAuthService com.alibaba.nacos.client.auth.impl.NacosClientAuthServiceImpl success.
22:03:12.234 [main] INFO  c.a.n.p.a.s.c.ClientAuthPluginManager - [init,56] - [ClientAuthPluginManager] Load ClientAuthService com.alibaba.nacos.client.auth.ram.RamClientAuthServiceImpl success.
22:03:13.090 [main] INFO  c.r.g.RuoYiGatewayApplication - [logStartupProfileInfo,638] - The following 1 profile is active: "dev"
22:03:15.240 [main] INFO  c.a.c.s.g.s.SentinelSCGAutoConfiguration - [sentinelGatewayFilter,144] - [Sentinel SpringCloudGateway] register SentinelGatewayFilter with order: -2147483648
22:03:16.002 [main] INFO  c.a.c.s.g.s.SentinelSCGAutoConfiguration - [sentinelGatewayBlockExceptionHandler,134] - [Sentinel SpringCloudGateway] register SentinelGatewayBlockExceptionHandler
22:03:16.284 [main] INFO  c.a.n.p.a.s.c.ClientAuthPluginManager - [init,56] - [ClientAuthPluginManager] Load ClientAuthService com.alibaba.nacos.client.auth.impl.NacosClientAuthServiceImpl success.
22:03:16.284 [main] INFO  c.a.n.p.a.s.c.ClientAuthPluginManager - [init,56] - [ClientAuthPluginManager] Load ClientAuthService com.alibaba.nacos.client.auth.ram.RamClientAuthServiceImpl success.
22:03:16.813 [main] INFO  c.a.n.p.a.s.c.ClientAuthPluginManager - [init,56] - [ClientAuthPluginManager] Load ClientAuthService com.alibaba.nacos.client.auth.impl.NacosClientAuthServiceImpl success.
22:03:16.813 [main] INFO  c.a.n.p.a.s.c.ClientAuthPluginManager - [init,56] - [ClientAuthPluginManager] Load ClientAuthService com.alibaba.nacos.client.auth.ram.RamClientAuthServiceImpl success.
22:03:16.946 [main] INFO  c.a.c.n.r.NacosServiceRegistry - [register,76] - nacos registry, DEFAULT_GROUP ruoyi-gateway 192.168.31.113:8080 register finished
22:03:17.046 [main] INFO  c.a.c.n.d.NacosDiscoveryHeartBeatPublisher - [start,66] - Start nacos heartBeat task scheduler.
22:03:17.072 [main] INFO  c.r.g.RuoYiGatewayApplication - [logStarted,61] - Started RuoYiGatewayApplication in 5.83 seconds (JVM running for 6.849)
22:03:17.078 [main] INFO  c.a.c.n.r.NacosContextRefresher - [registerNacosListener,141] - [Nacos Config] Listening config: dataId=ruoyi-gateway, group=DEFAULT_GROUP
22:03:17.078 [main] INFO  c.a.c.n.r.NacosContextRefresher - [registerNacosListener,141] - [Nacos Config] Listening config: dataId=ruoyi-gateway.yml, group=DEFAULT_GROUP
22:03:17.079 [main] INFO  c.a.c.n.r.NacosContextRefresher - [registerNacosListener,141] - [Nacos Config] Listening config: dataId=ruoyi-gateway-dev.yml, group=DEFAULT_GROUP
